<?xml version="1.0" encoding="UTF-8"?>
<!-- Generated by org.testng.reporters.JUnitReportReporter -->
<testsuite name="com.hub4vision.urls.BStackTakeScreenshot" tests="1" time="15.044" ignored="0" failures="0" timestamp="01 Mar 2020 02:40:58 GMT" skipped="0" hostname="umesh" errors="0">
  <testcase name="testBStackTakeScreenShot" time="15.044" classname="com.hub4vision.urls.BStackTakeScreenshot"/>
</testsuite> <!-- com.hub4vision.urls.BStackTakeScreenshot -->
