<?xml version="1.0" encoding="UTF-8"?>
<!-- Generated by org.testng.reporters.JUnitReportReporter -->
<testsuite name="com.hub4vision.urls.VerifyLiveURLs" tests="7" time="97.659" ignored="0" failures="0" timestamp="17 Feb 2020 12:16:26 GMT" skipped="0" hostname="umesh" errors="0">
  <testcase name="LiveURLCheck" time="2.913" classname="com.hub4vision.urls.VerifyLiveURLs"/>
  <testcase name="LiveURLCheck" time="6.475" classname="com.hub4vision.urls.VerifyLiveURLs"/>
  <testcase name="LiveURLCheck" time="38.045" classname="com.hub4vision.urls.VerifyLiveURLs"/>
  <testcase name="LiveURLCheck" time="6.390" classname="com.hub4vision.urls.VerifyLiveURLs"/>
  <testcase name="LiveURLCheck" time="29.824" classname="com.hub4vision.urls.VerifyLiveURLs"/>
  <testcase name="LiveURLCheck" time="6.336" classname="com.hub4vision.urls.VerifyLiveURLs"/>
  <testcase name="LiveURLCheck" time="7.676" classname="com.hub4vision.urls.VerifyLiveURLs"/>
</testsuite> <!-- com.hub4vision.urls.VerifyLiveURLs -->
