<?xml version="1.0" encoding="UTF-8"?>
<!-- Generated by org.testng.reporters.JUnitReportReporter -->
<testsuite name="com.hub4vision.urls.Login" tests="9" time="45.807" ignored="0" failures="0" timestamp="26 Feb 2020 18:32:01 GMT" skipped="0" hostname="umesh" errors="0">
  <testcase name="doLogin" time="13.016" classname="com.hub4vision.urls.Login"/>
  <testcase name="doLogin" time="1.256" classname="com.hub4vision.urls.Login"/>
  <testcase name="doLogin" time="13.465" classname="com.hub4vision.urls.Login"/>
  <testcase name="doLogin" time="0.521" classname="com.hub4vision.urls.Login"/>
  <testcase name="doLogin" time="0.636" classname="com.hub4vision.urls.Login"/>
  <testcase name="doLogin" time="1.273" classname="com.hub4vision.urls.Login"/>
  <testcase name="doLogin" time="12.835" classname="com.hub4vision.urls.Login"/>
  <testcase name="doLogin" time="1.600" classname="com.hub4vision.urls.Login"/>
  <testcase name="doLogin" time="1.205" classname="com.hub4vision.urls.Login"/>
</testsuite> <!-- com.hub4vision.urls.Login -->
