<?xml version="1.0" encoding="UTF-8"?>
<!-- Generated by org.testng.reporters.JUnitReportReporter -->
<testsuite name="com.hub4vision.urls.VerifyLiveURLs" tests="7" time="60.663" ignored="0" failures="0" timestamp="24 Feb 2020 06:55:14 GMT" skipped="0" hostname="umesh" errors="0">
  <testcase name="LiveURLCheck" time="3.948" classname="com.hub4vision.urls.VerifyLiveURLs"/>
  <testcase name="LiveURLCheck" time="4.885" classname="com.hub4vision.urls.VerifyLiveURLs"/>
  <testcase name="LiveURLCheck" time="1.934" classname="com.hub4vision.urls.VerifyLiveURLs"/>
  <testcase name="LiveURLCheck" time="3.207" classname="com.hub4vision.urls.VerifyLiveURLs"/>
  <testcase name="LiveURLCheck" time="3.628" classname="com.hub4vision.urls.VerifyLiveURLs"/>
  <testcase name="LiveURLCheck" time="39.214" classname="com.hub4vision.urls.VerifyLiveURLs"/>
  <testcase name="LiveURLCheck" time="3.847" classname="com.hub4vision.urls.VerifyLiveURLs"/>
</testsuite> <!-- com.hub4vision.urls.VerifyLiveURLs -->
